#! /c/Source/iverilog-install/bin/vvp
:ivl_version "12.0 (devel)" "(s20150603-1539-g2693dd32b)";
:ivl_delay_selection "TYPICAL";
:vpi_time_precision - 12;
:vpi_module "C:\iverilog\lib\ivl\system.vpi";
:vpi_module "C:\iverilog\lib\ivl\vhdl_sys.vpi";
:vpi_module "C:\iverilog\lib\ivl\vhdl_textio.vpi";
:vpi_module "C:\iverilog\lib\ivl\v2005_math.vpi";
:vpi_module "C:\iverilog\lib\ivl\va_math.vpi";
:vpi_module "C:\iverilog\lib\ivl\v2009.vpi";
S_000002aef6254490 .scope package, "$unit" "$unit" 2 1;
 .timescale 0 0;
S_000002aef620e420 .scope module, "TI74181_TB" "TI74181_TB" 3 4;
 .timescale -9 -12;
v000002aef62f20a0_0 .var "A_tb", 3 0;
v000002aef62f1060_0 .var "B_tb", 3 0;
v000002aef62f12e0_0 .net "Cn1_tb", 0 0, L_000002aef62f59e0;  1 drivers
v000002aef62f1920_0 .var "Cn_tb", 0 0;
v000002aef62f21e0_0 .net "F_tb", 3 0, L_000002aef62f6660;  1 drivers
v000002aef62f26e0_0 .net "G_tb", 0 0, L_000002aef6235930;  1 drivers
v000002aef62f1560_0 .var "M_tb", 0 0;
v000002aef62f0ca0_0 .net "P_tb", 0 0, L_000002aef6235b60;  1 drivers
v000002aef62f2320_0 .var "S_tb", 3 0;
v000002aef62f1380_0 .var/i "fail_count", 31 0;
v000002aef62f1420_0 .var/i "pass_count", 31 0;
v000002aef62f1880_0 .var/i "test_num", 31 0;
S_000002aef620e5b0 .scope task, "check_result" "check_result" 3 38, 3 38 0, S_000002aef620e420;
 .timescale -9 -12;
v000002aef62331a0_0 .var "expected_F", 3 0;
v000002aef6232200_0 .var/str "test_case";
TD_TI74181_TB.check_result ;
    %load/vec4 v000002aef62f21e0_0;
    %load/vec4 v000002aef62331a0_0;
    %cmp/e;
    %jmp/0xz  T_0.0, 4;
    ; show_stmt_assign_vector: Get l-value for compressed += operand
    %load/vec4 v000002aef62f1420_0;
    %pushi/vec4 1, 0, 32;
    %add;
    %store/vec4 v000002aef62f1420_0, 0, 32;
    %vpi_call/w 3 41 "$display", "  \342\234\223 PASS: %s", v000002aef6232200_0 {0 0 0};
    %jmp T_0.1;
T_0.0 ;
    ; show_stmt_assign_vector: Get l-value for compressed += operand
    %load/vec4 v000002aef62f1380_0;
    %pushi/vec4 1, 0, 32;
    %add;
    %store/vec4 v000002aef62f1380_0, 0, 32;
    %vpi_call/w 3 44 "$display", "  \342\234\227 FAIL: %s | Expected: %h, Got: %h", v000002aef6232200_0, v000002aef62331a0_0, v000002aef62f21e0_0 {0 0 0};
T_0.1 ;
    %end;
S_000002aef6254eb0 .scope task, "display_test" "display_test" 3 31, 3 31 0, S_000002aef620e420;
 .timescale -9 -12;
v000002aef62334c0_0 .var/str "operation_name";
TD_TI74181_TB.display_test ;
    ; show_stmt_assign_vector: Get l-value for compressed += operand
    %load/vec4 v000002aef62f1880_0;
    %pushi/vec4 1, 0, 32;
    %add;
    %store/vec4 v000002aef62f1880_0, 0, 32;
    %vpi_call/w 3 33 "$display", "Test %0d: A=%h, B=%h, S=%h, M=%b, Cn=%b | F=%h, P=%b, G=%b, Cn1=%b | %s", v000002aef62f1880_0, v000002aef62f20a0_0, v000002aef62f1060_0, v000002aef62f2320_0, v000002aef62f1560_0, v000002aef62f1920_0, v000002aef62f21e0_0, v000002aef62f0ca0_0, v000002aef62f26e0_0, v000002aef62f12e0_0, v000002aef62334c0_0 {0 0 0};
    %end;
S_000002aef6255040 .scope module, "dut" "TI74181" 3 13, 4 11 0, S_000002aef620e420;
 .timescale -9 -12;
    .port_info 0 /INPUT 4 "A";
    .port_info 1 /INPUT 4 "B";
    .port_info 2 /INPUT 4 "S";
    .port_info 3 /INPUT 1 "M";
    .port_info 4 /INPUT 1 "Cn";
    .port_info 5 /OUTPUT 1 "P";
    .port_info 6 /OUTPUT 1 "G";
    .port_info 7 /OUTPUT 1 "Cn1";
    .port_info 8 /OUTPUT 4 "F";
L_000002aef6235700 .functor BUFZ 1, v000002aef62f1920_0, C4<0>, C4<0>, C4<0>;
L_000002aef6234dd0 .functor XOR 1, L_000002aef62f14c0, L_000002aef62f23c0, C4<0>, C4<0>;
L_000002aef6235770 .functor XOR 1, L_000002aef62f2280, L_000002aef62f1600, C4<0>, C4<0>;
L_000002aef62358c0 .functor XOR 1, L_000002aef62f2460, L_000002aef62f1740, C4<0>, C4<0>;
L_000002aef6235850 .functor XOR 1, L_000002aef62f17e0, L_000002aef62f1ba0, C4<0>, C4<0>;
L_000002aef6234cf0 .functor AND 1, L_000002aef62f19c0, L_000002aef62f1a60, C4<1>, C4<1>;
L_000002aef6235a10 .functor AND 1, L_000002aef62f1c40, L_000002aef62f2780, C4<1>, C4<1>;
L_000002aef6234c80 .functor AND 1, L_000002aef62f2500, L_000002aef62f1240, C4<1>, C4<1>;
L_000002aef62357e0 .functor AND 1, L_000002aef62f1ce0, L_000002aef62f1e20, C4<1>, C4<1>;
L_000002aef6235000 .functor AND 1, L_000002aef62f1ec0, L_000002aef62f1f60, C4<1>, C4<1>;
L_000002aef6235af0 .functor AND 1, L_000002aef6235000, L_000002aef62f2140, C4<1>, C4<1>;
L_000002aef6235b60 .functor AND 1, L_000002aef6235af0, L_000002aef62f25a0, C4<1>, C4<1>;
L_000002aef62351c0 .functor AND 1, L_000002aef62f0b60, L_000002aef62f0d40, C4<1>, C4<1>;
L_000002aef6235070 .functor OR 1, L_000002aef62f0980, L_000002aef62351c0, C4<0>, C4<0>;
L_000002aef6235150 .functor AND 1, L_000002aef62f0de0, L_000002aef62f0fc0, C4<1>, C4<1>;
L_000002aef6234e40 .functor AND 1, L_000002aef6235150, L_000002aef62f5b20, C4<1>, C4<1>;
L_000002aef6234d60 .functor OR 1, L_000002aef6235070, L_000002aef6234e40, C4<0>, C4<0>;
L_000002aef6235460 .functor AND 1, L_000002aef62f49a0, L_000002aef62f4c20, C4<1>, C4<1>;
L_000002aef6235310 .functor AND 1, L_000002aef6235460, L_000002aef62f56c0, C4<1>, C4<1>;
L_000002aef6235230 .functor AND 1, L_000002aef6235310, L_000002aef62f6700, C4<1>, C4<1>;
L_000002aef6235930 .functor OR 1, L_000002aef6234d60, L_000002aef6235230, C4<0>, C4<0>;
L_000002aef62352a0 .functor AND 1, L_000002aef62f4ea0, L_000002aef62f5800, C4<1>, C4<1>;
L_000002aef62353f0 .functor OR 1, L_000002aef62f5300, L_000002aef62352a0, C4<0>, C4<0>;
L_000002aef6235380 .functor AND 1, L_000002aef62f67a0, L_000002aef62f53a0, C4<1>, C4<1>;
L_000002aef62354d0 .functor OR 1, L_000002aef62f6340, L_000002aef6235380, C4<0>, C4<0>;
L_000002aef6235540 .functor AND 1, L_000002aef62f65c0, L_000002aef62f58a0, C4<1>, C4<1>;
L_000002aef62fb170 .functor AND 1, L_000002aef6235540, L_000002aef62f60c0, C4<1>, C4<1>;
L_000002aef62fa990 .functor OR 1, L_000002aef62354d0, L_000002aef62fb170, C4<0>, C4<0>;
L_000002aef62faa00 .functor AND 1, L_000002aef62f4ae0, L_000002aef62f4b80, C4<1>, C4<1>;
L_000002aef62fa920 .functor OR 1, L_000002aef62f4a40, L_000002aef62faa00, C4<0>, C4<0>;
L_000002aef62fb800 .functor AND 1, L_000002aef62f6200, L_000002aef62f4cc0, C4<1>, C4<1>;
L_000002aef62fad10 .functor AND 1, L_000002aef62fb800, L_000002aef62f5760, C4<1>, C4<1>;
L_000002aef62fb090 .functor OR 1, L_000002aef62fa920, L_000002aef62fad10, C4<0>, C4<0>;
L_000002aef62faf40 .functor AND 1, L_000002aef62f5a80, L_000002aef62f6520, C4<1>, C4<1>;
L_000002aef62fb100 .functor AND 1, L_000002aef62faf40, L_000002aef62f62a0, C4<1>, C4<1>;
L_000002aef62fafb0 .functor AND 1, L_000002aef62fb100, L_000002aef62f4e00, C4<1>, C4<1>;
L_000002aef62fb1e0 .functor OR 1, L_000002aef62fb090, L_000002aef62fafb0, C4<0>, C4<0>;
L_000002aef62fb330 .functor AND 1, L_000002aef62f4900, L_000002aef62f5440, C4<1>, C4<1>;
L_000002aef62fb250 .functor OR 1, L_000002aef62f5940, L_000002aef62fb330, C4<0>, C4<0>;
L_000002aef62faae0 .functor AND 1, L_000002aef62f4f40, L_000002aef62f5120, C4<1>, C4<1>;
L_000002aef62fabc0 .functor AND 1, L_000002aef62faae0, L_000002aef62f5580, C4<1>, C4<1>;
L_000002aef62fad80 .functor OR 1, L_000002aef62fb250, L_000002aef62fabc0, C4<0>, C4<0>;
L_000002aef62fb6b0 .functor AND 1, L_000002aef62f5620, L_000002aef62f6160, C4<1>, C4<1>;
L_000002aef62fb720 .functor AND 1, L_000002aef62fb6b0, L_000002aef62f63e0, C4<1>, C4<1>;
L_000002aef62fb2c0 .functor AND 1, L_000002aef62fb720, L_000002aef62f4d60, C4<1>, C4<1>;
L_000002aef62fadf0 .functor OR 1, L_000002aef62fad80, L_000002aef62fb2c0, C4<0>, C4<0>;
L_000002aef62fae60 .functor AND 1, L_000002aef62f5bc0, L_000002aef62f5c60, C4<1>, C4<1>;
L_000002aef62fb020 .functor AND 1, L_000002aef62fae60, L_000002aef62f6020, C4<1>, C4<1>;
L_000002aef62fb3a0 .functor AND 1, L_000002aef62fb020, L_000002aef62f4fe0, C4<1>, C4<1>;
L_000002aef62fb410 .functor AND 1, L_000002aef62fb3a0, L_000002aef62f5da0, C4<1>, C4<1>;
L_000002aef62fb790 .functor OR 1, L_000002aef62fadf0, L_000002aef62fb410, C4<0>, C4<0>;
v000002aef62337e0_0 .net "A", 3 0, v000002aef62f20a0_0;  1 drivers
v000002aef6232c00_0 .net "B", 3 0, v000002aef62f1060_0;  1 drivers
v000002aef6233b00_0 .net "C", 4 0, L_000002aef62f54e0;  1 drivers
v000002aef6232a20_0 .net "Cn", 0 0, v000002aef62f1920_0;  1 drivers
v000002aef6231ee0_0 .net "Cn1", 0 0, L_000002aef62f59e0;  alias, 1 drivers
v000002aef6233560_0 .net "F", 3 0, L_000002aef62f6660;  alias, 1 drivers
v000002aef62323e0_0 .var "F_arith", 3 0;
v000002aef6231f80_0 .var "F_logic", 3 0;
v000002aef62325c0_0 .net "G", 0 0, L_000002aef6235930;  alias, 1 drivers
v000002aef6232480_0 .net "M", 0 0, v000002aef62f1560_0;  1 drivers
v000002aef6232ca0_0 .net "P", 0 0, L_000002aef6235b60;  alias, 1 drivers
v000002aef6232020_0 .net "S", 3 0, v000002aef62f2320_0;  1 drivers
v000002aef6232980_0 .net *"_ivl_10", 0 0, L_000002aef6234dd0;  1 drivers
v000002aef6233240_0 .net *"_ivl_101", 0 0, L_000002aef62f5b20;  1 drivers
v000002aef62332e0_0 .net *"_ivl_102", 0 0, L_000002aef6234e40;  1 drivers
v000002aef6233380_0 .net *"_ivl_104", 0 0, L_000002aef6234d60;  1 drivers
v000002aef62ac140_0 .net *"_ivl_107", 0 0, L_000002aef62f49a0;  1 drivers
v000002aef62aaf20_0 .net *"_ivl_109", 0 0, L_000002aef62f4c20;  1 drivers
v000002aef62ab560_0 .net *"_ivl_110", 0 0, L_000002aef6235460;  1 drivers
v000002aef62ac5a0_0 .net *"_ivl_113", 0 0, L_000002aef62f56c0;  1 drivers
v000002aef62ab600_0 .net *"_ivl_114", 0 0, L_000002aef6235310;  1 drivers
v000002aef62ab6a0_0 .net *"_ivl_117", 0 0, L_000002aef62f6700;  1 drivers
v000002aef62ab060_0 .net *"_ivl_118", 0 0, L_000002aef6235230;  1 drivers
v000002aef62ac280_0 .net *"_ivl_125", 0 0, L_000002aef62f5300;  1 drivers
v000002aef62ab380_0 .net *"_ivl_127", 0 0, L_000002aef62f4ea0;  1 drivers
v000002aef62ab100_0 .net *"_ivl_129", 0 0, L_000002aef62f5800;  1 drivers
v000002aef62abb00_0 .net *"_ivl_130", 0 0, L_000002aef62352a0;  1 drivers
v000002aef62ab1a0_0 .net *"_ivl_132", 0 0, L_000002aef62353f0;  1 drivers
v000002aef62ac3c0_0 .net *"_ivl_137", 0 0, L_000002aef62f6340;  1 drivers
v000002aef62abe20_0 .net *"_ivl_139", 0 0, L_000002aef62f67a0;  1 drivers
v000002aef62ab740_0 .net *"_ivl_141", 0 0, L_000002aef62f53a0;  1 drivers
v000002aef62aade0_0 .net *"_ivl_142", 0 0, L_000002aef6235380;  1 drivers
v000002aef62ab240_0 .net *"_ivl_144", 0 0, L_000002aef62354d0;  1 drivers
v000002aef62abba0_0 .net *"_ivl_147", 0 0, L_000002aef62f65c0;  1 drivers
v000002aef62aaa20_0 .net *"_ivl_149", 0 0, L_000002aef62f58a0;  1 drivers
v000002aef62abc40_0 .net *"_ivl_15", 0 0, L_000002aef62f2280;  1 drivers
v000002aef62ab2e0_0 .net *"_ivl_150", 0 0, L_000002aef6235540;  1 drivers
v000002aef62aba60_0 .net *"_ivl_153", 0 0, L_000002aef62f60c0;  1 drivers
v000002aef62ab920_0 .net *"_ivl_154", 0 0, L_000002aef62fb170;  1 drivers
v000002aef62abf60_0 .net *"_ivl_156", 0 0, L_000002aef62fa990;  1 drivers
v000002aef62ab7e0_0 .net *"_ivl_161", 0 0, L_000002aef62f4a40;  1 drivers
v000002aef62ab420_0 .net *"_ivl_163", 0 0, L_000002aef62f4ae0;  1 drivers
v000002aef62aaac0_0 .net *"_ivl_165", 0 0, L_000002aef62f4b80;  1 drivers
v000002aef62ab9c0_0 .net *"_ivl_166", 0 0, L_000002aef62faa00;  1 drivers
v000002aef62abce0_0 .net *"_ivl_168", 0 0, L_000002aef62fa920;  1 drivers
v000002aef62aae80_0 .net *"_ivl_17", 0 0, L_000002aef62f1600;  1 drivers
v000002aef62aab60_0 .net *"_ivl_171", 0 0, L_000002aef62f6200;  1 drivers
v000002aef62ac8c0_0 .net *"_ivl_173", 0 0, L_000002aef62f4cc0;  1 drivers
v000002aef62abd80_0 .net *"_ivl_174", 0 0, L_000002aef62fb800;  1 drivers
v000002aef62ac1e0_0 .net *"_ivl_177", 0 0, L_000002aef62f5760;  1 drivers
v000002aef62ac780_0 .net *"_ivl_178", 0 0, L_000002aef62fad10;  1 drivers
v000002aef62ac640_0 .net *"_ivl_18", 0 0, L_000002aef6235770;  1 drivers
v000002aef62abec0_0 .net *"_ivl_180", 0 0, L_000002aef62fb090;  1 drivers
v000002aef62aac00_0 .net *"_ivl_183", 0 0, L_000002aef62f5a80;  1 drivers
v000002aef62ab880_0 .net *"_ivl_185", 0 0, L_000002aef62f6520;  1 drivers
v000002aef62ac000_0 .net *"_ivl_186", 0 0, L_000002aef62faf40;  1 drivers
v000002aef62ac0a0_0 .net *"_ivl_189", 0 0, L_000002aef62f62a0;  1 drivers
v000002aef62ac320_0 .net *"_ivl_190", 0 0, L_000002aef62fb100;  1 drivers
v000002aef62aaca0_0 .net *"_ivl_193", 0 0, L_000002aef62f4e00;  1 drivers
v000002aef62ab4c0_0 .net *"_ivl_194", 0 0, L_000002aef62fafb0;  1 drivers
v000002aef62ac460_0 .net *"_ivl_196", 0 0, L_000002aef62fb1e0;  1 drivers
v000002aef62ac500_0 .net *"_ivl_202", 0 0, L_000002aef62f5940;  1 drivers
v000002aef62ac6e0_0 .net *"_ivl_204", 0 0, L_000002aef62f4900;  1 drivers
v000002aef62ac820_0 .net *"_ivl_206", 0 0, L_000002aef62f5440;  1 drivers
v000002aef62aad40_0 .net *"_ivl_207", 0 0, L_000002aef62fb330;  1 drivers
v000002aef62aafc0_0 .net *"_ivl_209", 0 0, L_000002aef62fb250;  1 drivers
v000002aef62ad840_0 .net *"_ivl_212", 0 0, L_000002aef62f4f40;  1 drivers
v000002aef62ad200_0 .net *"_ivl_214", 0 0, L_000002aef62f5120;  1 drivers
v000002aef62ad480_0 .net *"_ivl_215", 0 0, L_000002aef62faae0;  1 drivers
v000002aef62adfc0_0 .net *"_ivl_218", 0 0, L_000002aef62f5580;  1 drivers
v000002aef62ace40_0 .net *"_ivl_219", 0 0, L_000002aef62fabc0;  1 drivers
v000002aef62ae060_0 .net *"_ivl_221", 0 0, L_000002aef62fad80;  1 drivers
v000002aef62ad520_0 .net *"_ivl_224", 0 0, L_000002aef62f5620;  1 drivers
v000002aef62ade80_0 .net *"_ivl_226", 0 0, L_000002aef62f6160;  1 drivers
v000002aef62add40_0 .net *"_ivl_227", 0 0, L_000002aef62fb6b0;  1 drivers
v000002aef62ae380_0 .net *"_ivl_23", 0 0, L_000002aef62f2460;  1 drivers
v000002aef62adca0_0 .net *"_ivl_230", 0 0, L_000002aef62f63e0;  1 drivers
v000002aef62adf20_0 .net *"_ivl_231", 0 0, L_000002aef62fb720;  1 drivers
v000002aef62ae100_0 .net *"_ivl_234", 0 0, L_000002aef62f4d60;  1 drivers
v000002aef62ae1a0_0 .net *"_ivl_235", 0 0, L_000002aef62fb2c0;  1 drivers
v000002aef62ae9c0_0 .net *"_ivl_237", 0 0, L_000002aef62fadf0;  1 drivers
v000002aef62ae240_0 .net *"_ivl_240", 0 0, L_000002aef62f5bc0;  1 drivers
v000002aef62ada20_0 .net *"_ivl_242", 0 0, L_000002aef62f5c60;  1 drivers
v000002aef62ae2e0_0 .net *"_ivl_243", 0 0, L_000002aef62fae60;  1 drivers
v000002aef62ae420_0 .net *"_ivl_246", 0 0, L_000002aef62f6020;  1 drivers
v000002aef62adb60_0 .net *"_ivl_247", 0 0, L_000002aef62fb020;  1 drivers
v000002aef62ad020_0 .net *"_ivl_25", 0 0, L_000002aef62f1740;  1 drivers
v000002aef62ae4c0_0 .net *"_ivl_250", 0 0, L_000002aef62f4fe0;  1 drivers
v000002aef62ad8e0_0 .net *"_ivl_251", 0 0, L_000002aef62fb3a0;  1 drivers
v000002aef62ad660_0 .net *"_ivl_254", 0 0, L_000002aef62f5da0;  1 drivers
v000002aef62ae560_0 .net *"_ivl_255", 0 0, L_000002aef62fb410;  1 drivers
v000002aef62ae880_0 .net *"_ivl_257", 0 0, L_000002aef62fb790;  1 drivers
v000002aef62ad5c0_0 .net *"_ivl_26", 0 0, L_000002aef62358c0;  1 drivers
v000002aef62ae600_0 .net *"_ivl_3", 0 0, L_000002aef6235700;  1 drivers
v000002aef62adde0_0 .net *"_ivl_32", 0 0, L_000002aef62f17e0;  1 drivers
v000002aef62acee0_0 .net *"_ivl_34", 0 0, L_000002aef62f1ba0;  1 drivers
v000002aef62ae6a0_0 .net *"_ivl_35", 0 0, L_000002aef6235850;  1 drivers
v000002aef62ad700_0 .net *"_ivl_40", 0 0, L_000002aef62f19c0;  1 drivers
v000002aef62ae920_0 .net *"_ivl_42", 0 0, L_000002aef62f1a60;  1 drivers
v000002aef62ad7a0_0 .net *"_ivl_43", 0 0, L_000002aef6234cf0;  1 drivers
v000002aef62adac0_0 .net *"_ivl_48", 0 0, L_000002aef62f1c40;  1 drivers
v000002aef62ad980_0 .net *"_ivl_50", 0 0, L_000002aef62f2780;  1 drivers
v000002aef62acf80_0 .net *"_ivl_51", 0 0, L_000002aef6235a10;  1 drivers
v000002aef62ae740_0 .net *"_ivl_56", 0 0, L_000002aef62f2500;  1 drivers
v000002aef62aeba0_0 .net *"_ivl_58", 0 0, L_000002aef62f1240;  1 drivers
v000002aef62ad3e0_0 .net *"_ivl_59", 0 0, L_000002aef6234c80;  1 drivers
v000002aef62ad2a0_0 .net *"_ivl_65", 0 0, L_000002aef62f1ce0;  1 drivers
v000002aef62ae7e0_0 .net *"_ivl_67", 0 0, L_000002aef62f1e20;  1 drivers
v000002aef62ad0c0_0 .net *"_ivl_68", 0 0, L_000002aef62357e0;  1 drivers
v000002aef62aec40_0 .net *"_ivl_7", 0 0, L_000002aef62f14c0;  1 drivers
v000002aef62aece0_0 .net *"_ivl_71", 0 0, L_000002aef62f1ec0;  1 drivers
v000002aef62aea60_0 .net *"_ivl_73", 0 0, L_000002aef62f1f60;  1 drivers
v000002aef62aeb00_0 .net *"_ivl_74", 0 0, L_000002aef6235000;  1 drivers
v000002aef62adc00_0 .net *"_ivl_77", 0 0, L_000002aef62f2140;  1 drivers
v000002aef62ad160_0 .net *"_ivl_78", 0 0, L_000002aef6235af0;  1 drivers
v000002aef62ad340_0 .net *"_ivl_81", 0 0, L_000002aef62f25a0;  1 drivers
v000002aef62f0a20_0 .net *"_ivl_85", 0 0, L_000002aef62f0980;  1 drivers
v000002aef62f1d80_0 .net *"_ivl_87", 0 0, L_000002aef62f0b60;  1 drivers
v000002aef62f0c00_0 .net *"_ivl_89", 0 0, L_000002aef62f0d40;  1 drivers
v000002aef62f11a0_0 .net *"_ivl_9", 0 0, L_000002aef62f23c0;  1 drivers
v000002aef62f0f20_0 .net *"_ivl_90", 0 0, L_000002aef62351c0;  1 drivers
v000002aef62f1100_0 .net *"_ivl_92", 0 0, L_000002aef6235070;  1 drivers
v000002aef62f0ac0_0 .net *"_ivl_95", 0 0, L_000002aef62f0de0;  1 drivers
v000002aef62f2000_0 .net *"_ivl_97", 0 0, L_000002aef62f0fc0;  1 drivers
v000002aef62f08e0_0 .net *"_ivl_98", 0 0, L_000002aef6235150;  1 drivers
v000002aef62f2640_0 .net "g", 3 0, L_000002aef62f0e80;  1 drivers
v000002aef62f1b00_0 .net "p", 3 0, L_000002aef62f16a0;  1 drivers
E_000002aef623c4b0 .event anyedge, v000002aef6232020_0, v000002aef62337e0_0, v000002aef6232a20_0, v000002aef6232c00_0;
E_000002aef623c630 .event anyedge, v000002aef6232020_0, v000002aef62337e0_0, v000002aef6232c00_0;
L_000002aef62f14c0 .part v000002aef62f20a0_0, 0, 1;
L_000002aef62f23c0 .part v000002aef62f1060_0, 0, 1;
L_000002aef62f2280 .part v000002aef62f20a0_0, 1, 1;
L_000002aef62f1600 .part v000002aef62f1060_0, 1, 1;
L_000002aef62f2460 .part v000002aef62f20a0_0, 2, 1;
L_000002aef62f1740 .part v000002aef62f1060_0, 2, 1;
L_000002aef62f16a0 .concat8 [ 1 1 1 1], L_000002aef6234dd0, L_000002aef6235770, L_000002aef62358c0, L_000002aef6235850;
L_000002aef62f17e0 .part v000002aef62f20a0_0, 3, 1;
L_000002aef62f1ba0 .part v000002aef62f1060_0, 3, 1;
L_000002aef62f19c0 .part v000002aef62f20a0_0, 0, 1;
L_000002aef62f1a60 .part v000002aef62f1060_0, 0, 1;
L_000002aef62f1c40 .part v000002aef62f20a0_0, 1, 1;
L_000002aef62f2780 .part v000002aef62f1060_0, 1, 1;
L_000002aef62f2500 .part v000002aef62f20a0_0, 2, 1;
L_000002aef62f1240 .part v000002aef62f1060_0, 2, 1;
L_000002aef62f0e80 .concat8 [ 1 1 1 1], L_000002aef6234cf0, L_000002aef6235a10, L_000002aef6234c80, L_000002aef62357e0;
L_000002aef62f1ce0 .part v000002aef62f20a0_0, 3, 1;
L_000002aef62f1e20 .part v000002aef62f1060_0, 3, 1;
L_000002aef62f1ec0 .part L_000002aef62f16a0, 0, 1;
L_000002aef62f1f60 .part L_000002aef62f16a0, 1, 1;
L_000002aef62f2140 .part L_000002aef62f16a0, 2, 1;
L_000002aef62f25a0 .part L_000002aef62f16a0, 3, 1;
L_000002aef62f0980 .part L_000002aef62f0e80, 3, 1;
L_000002aef62f0b60 .part L_000002aef62f16a0, 3, 1;
L_000002aef62f0d40 .part L_000002aef62f0e80, 2, 1;
L_000002aef62f0de0 .part L_000002aef62f16a0, 3, 1;
L_000002aef62f0fc0 .part L_000002aef62f16a0, 2, 1;
L_000002aef62f5b20 .part L_000002aef62f0e80, 1, 1;
L_000002aef62f49a0 .part L_000002aef62f16a0, 3, 1;
L_000002aef62f4c20 .part L_000002aef62f16a0, 2, 1;
L_000002aef62f56c0 .part L_000002aef62f16a0, 1, 1;
L_000002aef62f6700 .part L_000002aef62f0e80, 0, 1;
L_000002aef62f5300 .part L_000002aef62f0e80, 0, 1;
L_000002aef62f4ea0 .part L_000002aef62f16a0, 0, 1;
L_000002aef62f5800 .part L_000002aef62f54e0, 0, 1;
L_000002aef62f6340 .part L_000002aef62f0e80, 1, 1;
L_000002aef62f67a0 .part L_000002aef62f16a0, 1, 1;
L_000002aef62f53a0 .part L_000002aef62f0e80, 0, 1;
L_000002aef62f65c0 .part L_000002aef62f16a0, 1, 1;
L_000002aef62f58a0 .part L_000002aef62f16a0, 0, 1;
L_000002aef62f60c0 .part L_000002aef62f54e0, 0, 1;
L_000002aef62f4a40 .part L_000002aef62f0e80, 2, 1;
L_000002aef62f4ae0 .part L_000002aef62f16a0, 2, 1;
L_000002aef62f4b80 .part L_000002aef62f0e80, 1, 1;
L_000002aef62f6200 .part L_000002aef62f16a0, 2, 1;
L_000002aef62f4cc0 .part L_000002aef62f16a0, 1, 1;
L_000002aef62f5760 .part L_000002aef62f0e80, 0, 1;
L_000002aef62f5a80 .part L_000002aef62f16a0, 2, 1;
L_000002aef62f6520 .part L_000002aef62f16a0, 1, 1;
L_000002aef62f62a0 .part L_000002aef62f16a0, 0, 1;
L_000002aef62f4e00 .part L_000002aef62f54e0, 0, 1;
LS_000002aef62f54e0_0_0 .concat8 [ 1 1 1 1], L_000002aef6235700, L_000002aef62353f0, L_000002aef62fa990, L_000002aef62fb1e0;
LS_000002aef62f54e0_0_4 .concat8 [ 1 0 0 0], L_000002aef62fb790;
L_000002aef62f54e0 .concat8 [ 4 1 0 0], LS_000002aef62f54e0_0_0, LS_000002aef62f54e0_0_4;
L_000002aef62f5940 .part L_000002aef62f0e80, 3, 1;
L_000002aef62f4900 .part L_000002aef62f16a0, 3, 1;
L_000002aef62f5440 .part L_000002aef62f0e80, 2, 1;
L_000002aef62f4f40 .part L_000002aef62f16a0, 3, 1;
L_000002aef62f5120 .part L_000002aef62f16a0, 2, 1;
L_000002aef62f5580 .part L_000002aef62f0e80, 1, 1;
L_000002aef62f5620 .part L_000002aef62f16a0, 3, 1;
L_000002aef62f6160 .part L_000002aef62f16a0, 2, 1;
L_000002aef62f63e0 .part L_000002aef62f16a0, 1, 1;
L_000002aef62f4d60 .part L_000002aef62f0e80, 0, 1;
L_000002aef62f5bc0 .part L_000002aef62f16a0, 3, 1;
L_000002aef62f5c60 .part L_000002aef62f16a0, 2, 1;
L_000002aef62f6020 .part L_000002aef62f16a0, 1, 1;
L_000002aef62f4fe0 .part L_000002aef62f16a0, 0, 1;
L_000002aef62f5da0 .part L_000002aef62f54e0, 0, 1;
L_000002aef62f59e0 .part L_000002aef62f54e0, 4, 1;
L_000002aef62f6660 .functor MUXZ 4, v000002aef62323e0_0, v000002aef6231f80_0, v000002aef62f1560_0, C4<>;
    .scope S_000002aef6255040;
T_2 ;
Ewait_0 .event/or E_000002aef623c630, E_0x0;
    %wait Ewait_0;
    %load/vec4 v000002aef6232020_0;
    %dup/vec4;
    %pushi/vec4 15, 0, 4;
    %cmp/u;
    %jmp/1 T_2.0, 6;
    %dup/vec4;
    %pushi/vec4 14, 0, 4;
    %cmp/u;
    %jmp/1 T_2.1, 6;
    %dup/vec4;
    %pushi/vec4 13, 0, 4;
    %cmp/u;
    %jmp/1 T_2.2, 6;
    %dup/vec4;
    %pushi/vec4 12, 0, 4;
    %cmp/u;
    %jmp/1 T_2.3, 6;
    %dup/vec4;
    %pushi/vec4 11, 0, 4;
    %cmp/u;
    %jmp/1 T_2.4, 6;
    %dup/vec4;
    %pushi/vec4 10, 0, 4;
    %cmp/u;
    %jmp/1 T_2.5, 6;
    %dup/vec4;
    %pushi/vec4 9, 0, 4;
    %cmp/u;
    %jmp/1 T_2.6, 6;
    %dup/vec4;
    %pushi/vec4 8, 0, 4;
    %cmp/u;
    %jmp/1 T_2.7, 6;
    %dup/vec4;
    %pushi/vec4 7, 0, 4;
    %cmp/u;
    %jmp/1 T_2.8, 6;
    %dup/vec4;
    %pushi/vec4 6, 0, 4;
    %cmp/u;
    %jmp/1 T_2.9, 6;
    %dup/vec4;
    %pushi/vec4 5, 0, 4;
    %cmp/u;
    %jmp/1 T_2.10, 6;
    %dup/vec4;
    %pushi/vec4 4, 0, 4;
    %cmp/u;
    %jmp/1 T_2.11, 6;
    %pushi/vec4 0, 0, 4;
    %store/vec4 v000002aef6231f80_0, 0, 4;
    %jmp T_2.13;
T_2.0 ;
    %pushi/vec4 15, 0, 4;
    %store/vec4 v000002aef6231f80_0, 0, 4;
    %jmp T_2.13;
T_2.1 ;
    %load/vec4 v000002aef62337e0_0;
    %load/vec4 v000002aef6232c00_0;
    %or;
    %store/vec4 v000002aef6231f80_0, 0, 4;
    %jmp T_2.13;
T_2.2 ;
    %load/vec4 v000002aef62337e0_0;
    %load/vec4 v000002aef6232c00_0;
    %and;
    %inv;
    %store/vec4 v000002aef6231f80_0, 0, 4;
    %jmp T_2.13;
T_2.3 ;
    %load/vec4 v000002aef6232c00_0;
    %inv;
    %store/vec4 v000002aef6231f80_0, 0, 4;
    %jmp T_2.13;
T_2.4 ;
    %load/vec4 v000002aef62337e0_0;
    %load/vec4 v000002aef6232c00_0;
    %or;
    %inv;
    %store/vec4 v000002aef6231f80_0, 0, 4;
    %jmp T_2.13;
T_2.5 ;
    %load/vec4 v000002aef62337e0_0;
    %load/vec4 v000002aef6232c00_0;
    %xor;
    %store/vec4 v000002aef6231f80_0, 0, 4;
    %jmp T_2.13;
T_2.6 ;
    %load/vec4 v000002aef62337e0_0;
    %load/vec4 v000002aef6232c00_0;
    %xor;
    %inv;
    %store/vec4 v000002aef6231f80_0, 0, 4;
    %jmp T_2.13;
T_2.7 ;
    %load/vec4 v000002aef62337e0_0;
    %load/vec4 v000002aef6232c00_0;
    %and;
    %store/vec4 v000002aef6231f80_0, 0, 4;
    %jmp T_2.13;
T_2.8 ;
    %load/vec4 v000002aef62337e0_0;
    %inv;
    %store/vec4 v000002aef6231f80_0, 0, 4;
    %jmp T_2.13;
T_2.9 ;
    %load/vec4 v000002aef6232c00_0;
    %store/vec4 v000002aef6231f80_0, 0, 4;
    %jmp T_2.13;
T_2.10 ;
    %load/vec4 v000002aef62337e0_0;
    %store/vec4 v000002aef6231f80_0, 0, 4;
    %jmp T_2.13;
T_2.11 ;
    %pushi/vec4 0, 0, 4;
    %store/vec4 v000002aef6231f80_0, 0, 4;
    %jmp T_2.13;
T_2.13 ;
    %pop/vec4 1;
    %jmp T_2;
    .thread T_2, $push;
    .scope S_000002aef6255040;
T_3 ;
Ewait_1 .event/or E_000002aef623c4b0, E_0x0;
    %wait Ewait_1;
    %load/vec4 v000002aef6232020_0;
    %dup/vec4;
    %pushi/vec4 0, 0, 4;
    %cmp/u;
    %jmp/1 T_3.0, 6;
    %dup/vec4;
    %pushi/vec4 1, 0, 4;
    %cmp/u;
    %jmp/1 T_3.1, 6;
    %dup/vec4;
    %pushi/vec4 2, 0, 4;
    %cmp/u;
    %jmp/1 T_3.2, 6;
    %dup/vec4;
    %pushi/vec4 3, 0, 4;
    %cmp/u;
    %jmp/1 T_3.3, 6;
    %dup/vec4;
    %pushi/vec4 4, 0, 4;
    %cmp/u;
    %jmp/1 T_3.4, 6;
    %dup/vec4;
    %pushi/vec4 5, 0, 4;
    %cmp/u;
    %jmp/1 T_3.5, 6;
    %dup/vec4;
    %pushi/vec4 6, 0, 4;
    %cmp/u;
    %jmp/1 T_3.6, 6;
    %dup/vec4;
    %pushi/vec4 7, 0, 4;
    %cmp/u;
    %jmp/1 T_3.7, 6;
    %dup/vec4;
    %pushi/vec4 8, 0, 4;
    %cmp/u;
    %jmp/1 T_3.8, 6;
    %dup/vec4;
    %pushi/vec4 9, 0, 4;
    %cmp/u;
    %jmp/1 T_3.9, 6;
    %dup/vec4;
    %pushi/vec4 10, 0, 4;
    %cmp/u;
    %jmp/1 T_3.10, 6;
    %dup/vec4;
    %pushi/vec4 11, 0, 4;
    %cmp/u;
    %jmp/1 T_3.11, 6;
    %dup/vec4;
    %pushi/vec4 12, 0, 4;
    %cmp/u;
    %jmp/1 T_3.12, 6;
    %dup/vec4;
    %pushi/vec4 13, 0, 4;
    %cmp/u;
    %jmp/1 T_3.13, 6;
    %dup/vec4;
    %pushi/vec4 14, 0, 4;
    %cmp/u;
    %jmp/1 T_3.14, 6;
    %dup/vec4;
    %pushi/vec4 15, 0, 4;
    %cmp/u;
    %jmp/1 T_3.15, 6;
    %pushi/vec4 0, 0, 4;
    %store/vec4 v000002aef62323e0_0, 0, 4;
    %jmp T_3.17;
T_3.0 ;
    %load/vec4 v000002aef62337e0_0;
    %load/vec4 v000002aef6232a20_0;
    %pad/u 4;
    %add;
    %store/vec4 v000002aef62323e0_0, 0, 4;
    %jmp T_3.17;
T_3.1 ;
    %load/vec4 v000002aef62337e0_0;
    %load/vec4 v000002aef6232c00_0;
    %or;
    %load/vec4 v000002aef6232a20_0;
    %pad/u 4;
    %add;
    %store/vec4 v000002aef62323e0_0, 0, 4;
    %jmp T_3.17;
T_3.2 ;
    %load/vec4 v000002aef62337e0_0;
    %load/vec4 v000002aef6232c00_0;
    %inv;
    %or;
    %load/vec4 v000002aef6232a20_0;
    %pad/u 4;
    %add;
    %store/vec4 v000002aef62323e0_0, 0, 4;
    %jmp T_3.17;
T_3.3 ;
    %pushi/vec4 15, 0, 4;
    %load/vec4 v000002aef6232a20_0;
    %pad/u 4;
    %add;
    %store/vec4 v000002aef62323e0_0, 0, 4;
    %jmp T_3.17;
T_3.4 ;
    %load/vec4 v000002aef62337e0_0;
    %load/vec4 v000002aef6232c00_0;
    %and;
    %load/vec4 v000002aef6232a20_0;
    %pad/u 4;
    %add;
    %store/vec4 v000002aef62323e0_0, 0, 4;
    %jmp T_3.17;
T_3.5 ;
    %load/vec4 v000002aef62337e0_0;
    %load/vec4 v000002aef6232c00_0;
    %xor;
    %load/vec4 v000002aef6232a20_0;
    %pad/u 4;
    %add;
    %store/vec4 v000002aef62323e0_0, 0, 4;
    %jmp T_3.17;
T_3.6 ;
    %load/vec4 v000002aef62337e0_0;
    %load/vec4 v000002aef6232c00_0;
    %sub;
    %load/vec4 v000002aef6232a20_0;
    %pad/u 4;
    %add;
    %store/vec4 v000002aef62323e0_0, 0, 4;
    %jmp T_3.17;
T_3.7 ;
    %load/vec4 v000002aef62337e0_0;
    %load/vec4 v000002aef6232c00_0;
    %inv;
    %and;
    %load/vec4 v000002aef6232a20_0;
    %pad/u 4;
    %add;
    %store/vec4 v000002aef62323e0_0, 0, 4;
    %jmp T_3.17;
T_3.8 ;
    %load/vec4 v000002aef62337e0_0;
    %load/vec4 v000002aef6232c00_0;
    %inv;
    %xor;
    %load/vec4 v000002aef6232a20_0;
    %pad/u 4;
    %add;
    %store/vec4 v000002aef62323e0_0, 0, 4;
    %jmp T_3.17;
T_3.9 ;
    %load/vec4 v000002aef62337e0_0;
    %load/vec4 v000002aef6232c00_0;
    %add;
    %load/vec4 v000002aef6232a20_0;
    %pad/u 4;
    %add;
    %store/vec4 v000002aef62323e0_0, 0, 4;
    %jmp T_3.17;
T_3.10 ;
    %load/vec4 v000002aef62337e0_0;
    %load/vec4 v000002aef6232c00_0;
    %inv;
    %or;
    %load/vec4 v000002aef6232a20_0;
    %pad/u 4;
    %add;
    %store/vec4 v000002aef62323e0_0, 0, 4;
    %jmp T_3.17;
T_3.11 ;
    %load/vec4 v000002aef62337e0_0;
    %load/vec4 v000002aef6232c00_0;
    %and;
    %load/vec4 v000002aef6232a20_0;
    %pad/u 4;
    %add;
    %store/vec4 v000002aef62323e0_0, 0, 4;
    %jmp T_3.17;
T_3.12 ;
    %load/vec4 v000002aef62337e0_0;
    %load/vec4 v000002aef62337e0_0;
    %add;
    %load/vec4 v000002aef6232a20_0;
    %pad/u 4;
    %add;
    %store/vec4 v000002aef62323e0_0, 0, 4;
    %jmp T_3.17;
T_3.13 ;
    %load/vec4 v000002aef62337e0_0;
    %load/vec4 v000002aef6232c00_0;
    %or;
    %load/vec4 v000002aef62337e0_0;
    %add;
    %load/vec4 v000002aef6232a20_0;
    %pad/u 4;
    %add;
    %store/vec4 v000002aef62323e0_0, 0, 4;
    %jmp T_3.17;
T_3.14 ;
    %load/vec4 v000002aef62337e0_0;
    %load/vec4 v000002aef6232c00_0;
    %inv;
    %or;
    %load/vec4 v000002aef62337e0_0;
    %add;
    %load/vec4 v000002aef6232a20_0;
    %pad/u 4;
    %add;
    %store/vec4 v000002aef62323e0_0, 0, 4;
    %jmp T_3.17;
T_3.15 ;
    %load/vec4 v000002aef62337e0_0;
    %subi 1, 0, 4;
    %load/vec4 v000002aef6232a20_0;
    %pad/u 4;
    %add;
    %store/vec4 v000002aef62323e0_0, 0, 4;
    %jmp T_3.17;
T_3.17 ;
    %pop/vec4 1;
    %jmp T_3;
    .thread T_3, $push;
    .scope S_000002aef620e420;
T_4 ;
    %pushi/vec4 0, 0, 32;
    %store/vec4 v000002aef62f1880_0, 0, 32;
    %pushi/vec4 0, 0, 32;
    %store/vec4 v000002aef62f1420_0, 0, 32;
    %pushi/vec4 0, 0, 32;
    %store/vec4 v000002aef62f1380_0, 0, 32;
    %end;
    .thread T_4, $init;
    .scope S_000002aef620e420;
T_5 ;
    %vpi_call/w 3 49 "$display", "========================================" {0 0 0};
    %vpi_call/w 3 50 "$display", "  TI74181 ALU Verification Testbench" {0 0 0};
    %vpi_call/w 3 51 "$display", "========================================\012" {0 0 0};
    %vpi_call/w 3 54 "$display", "--- LOGIC OPERATIONS (M=1) ---\012" {0 0 0};
    %pushi/vec4 1, 0, 1;
    %store/vec4 v000002aef62f1560_0, 0, 1;
    %pushi/vec4 8, 0, 4;
    %store/vec4 v000002aef62f2320_0, 0, 4;
    %pushi/vec4 10, 0, 4;
    %store/vec4 v000002aef62f20a0_0, 0, 4;
    %pushi/vec4 3, 0, 4;
    %store/vec4 v000002aef62f1060_0, 0, 4;
    %pushi/vec4 0, 0, 1;
    %store/vec4 v000002aef62f1920_0, 0, 1;
    %delay 10000, 0;
    %pushi/str "AND: A=1010, B=0011";
    %store/str v000002aef62334c0_0;
    %fork TD_TI74181_TB.display_test, S_000002aef6254eb0;
    %join;
    %pushi/vec4 2, 0, 4;
    %store/vec4 v000002aef62331a0_0, 0, 4;
    %pushi/str "AND(0xA, 0x3) = 0x2";
    %store/str v000002aef6232200_0;
    %fork TD_TI74181_TB.check_result, S_000002aef620e5b0;
    %join;
    %delay 10000, 0;
    %pushi/vec4 1, 0, 1;
    %store/vec4 v000002aef62f1560_0, 0, 1;
    %pushi/vec4 14, 0, 4;
    %store/vec4 v000002aef62f2320_0, 0, 4;
    %pushi/vec4 10, 0, 4;
    %store/vec4 v000002aef62f20a0_0, 0, 4;
    %pushi/vec4 3, 0, 4;
    %store/vec4 v000002aef62f1060_0, 0, 4;
    %pushi/vec4 0, 0, 1;
    %store/vec4 v000002aef62f1920_0, 0, 1;
    %delay 10000, 0;
    %pushi/str "OR: A=1010, B=0011";
    %store/str v000002aef62334c0_0;
    %fork TD_TI74181_TB.display_test, S_000002aef6254eb0;
    %join;
    %pushi/vec4 11, 0, 4;
    %store/vec4 v000002aef62331a0_0, 0, 4;
    %pushi/str "OR(0xA, 0x3) = 0xB";
    %store/str v000002aef6232200_0;
    %fork TD_TI74181_TB.check_result, S_000002aef620e5b0;
    %join;
    %delay 10000, 0;
    %pushi/vec4 1, 0, 1;
    %store/vec4 v000002aef62f1560_0, 0, 1;
    %pushi/vec4 10, 0, 4;
    %store/vec4 v000002aef62f2320_0, 0, 4;
    %pushi/vec4 10, 0, 4;
    %store/vec4 v000002aef62f20a0_0, 0, 4;
    %pushi/vec4 3, 0, 4;
    %store/vec4 v000002aef62f1060_0, 0, 4;
    %pushi/vec4 0, 0, 1;
    %store/vec4 v000002aef62f1920_0, 0, 1;
    %delay 10000, 0;
    %pushi/str "XOR: A=1010, B=0011";
    %store/str v000002aef62334c0_0;
    %fork TD_TI74181_TB.display_test, S_000002aef6254eb0;
    %join;
    %pushi/vec4 9, 0, 4;
    %store/vec4 v000002aef62331a0_0, 0, 4;
    %pushi/str "XOR(0xA, 0x3) = 0x9";
    %store/str v000002aef6232200_0;
    %fork TD_TI74181_TB.check_result, S_000002aef620e5b0;
    %join;
    %delay 10000, 0;
    %pushi/vec4 1, 0, 1;
    %store/vec4 v000002aef62f1560_0, 0, 1;
    %pushi/vec4 13, 0, 4;
    %store/vec4 v000002aef62f2320_0, 0, 4;
    %pushi/vec4 15, 0, 4;
    %store/vec4 v000002aef62f20a0_0, 0, 4;
    %pushi/vec4 15, 0, 4;
    %store/vec4 v000002aef62f1060_0, 0, 4;
    %pushi/vec4 0, 0, 1;
    %store/vec4 v000002aef62f1920_0, 0, 1;
    %delay 10000, 0;
    %pushi/str "NAND: A=1111, B=1111";
    %store/str v000002aef62334c0_0;
    %fork TD_TI74181_TB.display_test, S_000002aef6254eb0;
    %join;
    %pushi/vec4 0, 0, 4;
    %store/vec4 v000002aef62331a0_0, 0, 4;
    %pushi/str "NAND(0xF, 0xF) = 0x0";
    %store/str v000002aef6232200_0;
    %fork TD_TI74181_TB.check_result, S_000002aef620e5b0;
    %join;
    %delay 10000, 0;
    %pushi/vec4 1, 0, 1;
    %store/vec4 v000002aef62f1560_0, 0, 1;
    %pushi/vec4 11, 0, 4;
    %store/vec4 v000002aef62f2320_0, 0, 4;
    %pushi/vec4 0, 0, 4;
    %store/vec4 v000002aef62f20a0_0, 0, 4;
    %pushi/vec4 0, 0, 4;
    %store/vec4 v000002aef62f1060_0, 0, 4;
    %pushi/vec4 0, 0, 1;
    %store/vec4 v000002aef62f1920_0, 0, 1;
    %delay 10000, 0;
    %pushi/str "NOR: A=0000, B=0000";
    %store/str v000002aef62334c0_0;
    %fork TD_TI74181_TB.display_test, S_000002aef6254eb0;
    %join;
    %pushi/vec4 15, 0, 4;
    %store/vec4 v000002aef62331a0_0, 0, 4;
    %pushi/str "NOR(0x0, 0x0) = 0xF";
    %store/str v000002aef6232200_0;
    %fork TD_TI74181_TB.check_result, S_000002aef620e5b0;
    %join;
    %delay 10000, 0;
    %pushi/vec4 1, 0, 1;
    %store/vec4 v000002aef62f1560_0, 0, 1;
    %pushi/vec4 5, 0, 4;
    %store/vec4 v000002aef62f2320_0, 0, 4;
    %pushi/vec4 7, 0, 4;
    %store/vec4 v000002aef62f20a0_0, 0, 4;
    %pushi/vec4 0, 0, 4;
    %store/vec4 v000002aef62f1060_0, 0, 4;
    %pushi/vec4 0, 0, 1;
    %store/vec4 v000002aef62f1920_0, 0, 1;
    %delay 10000, 0;
    %pushi/str "Pass A";
    %store/str v000002aef62334c0_0;
    %fork TD_TI74181_TB.display_test, S_000002aef6254eb0;
    %join;
    %pushi/vec4 7, 0, 4;
    %store/vec4 v000002aef62331a0_0, 0, 4;
    %pushi/str "Pass(0x7) = 0x7";
    %store/str v000002aef6232200_0;
    %fork TD_TI74181_TB.check_result, S_000002aef620e5b0;
    %join;
    %delay 10000, 0;
    %pushi/vec4 1, 0, 1;
    %store/vec4 v000002aef62f1560_0, 0, 1;
    %pushi/vec4 6, 0, 4;
    %store/vec4 v000002aef62f2320_0, 0, 4;
    %pushi/vec4 0, 0, 4;
    %store/vec4 v000002aef62f20a0_0, 0, 4;
    %pushi/vec4 5, 0, 4;
    %store/vec4 v000002aef62f1060_0, 0, 4;
    %pushi/vec4 0, 0, 1;
    %store/vec4 v000002aef62f1920_0, 0, 1;
    %delay 10000, 0;
    %pushi/str "Pass B";
    %store/str v000002aef62334c0_0;
    %fork TD_TI74181_TB.display_test, S_000002aef6254eb0;
    %join;
    %pushi/vec4 5, 0, 4;
    %store/vec4 v000002aef62331a0_0, 0, 4;
    %pushi/str "Pass(0x5) = 0x5";
    %store/str v000002aef6232200_0;
    %fork TD_TI74181_TB.check_result, S_000002aef620e5b0;
    %join;
    %delay 10000, 0;
    %pushi/vec4 1, 0, 1;
    %store/vec4 v000002aef62f1560_0, 0, 1;
    %pushi/vec4 7, 0, 4;
    %store/vec4 v000002aef62f2320_0, 0, 4;
    %pushi/vec4 0, 0, 4;
    %store/vec4 v000002aef62f20a0_0, 0, 4;
    %pushi/vec4 0, 0, 4;
    %store/vec4 v000002aef62f1060_0, 0, 4;
    %pushi/vec4 0, 0, 1;
    %store/vec4 v000002aef62f1920_0, 0, 1;
    %delay 10000, 0;
    %pushi/str "Complement A";
    %store/str v000002aef62334c0_0;
    %fork TD_TI74181_TB.display_test, S_000002aef6254eb0;
    %join;
    %pushi/vec4 15, 0, 4;
    %store/vec4 v000002aef62331a0_0, 0, 4;
    %pushi/str "~A(0x0) = 0xF";
    %store/str v000002aef6232200_0;
    %fork TD_TI74181_TB.check_result, S_000002aef620e5b0;
    %join;
    %delay 10000, 0;
    %pushi/vec4 1, 0, 1;
    %store/vec4 v000002aef62f1560_0, 0, 1;
    %pushi/vec4 12, 0, 4;
    %store/vec4 v000002aef62f2320_0, 0, 4;
    %pushi/vec4 0, 0, 4;
    %store/vec4 v000002aef62f20a0_0, 0, 4;
    %pushi/vec4 5, 0, 4;
    %store/vec4 v000002aef62f1060_0, 0, 4;
    %pushi/vec4 0, 0, 1;
    %store/vec4 v000002aef62f1920_0, 0, 1;
    %delay 10000, 0;
    %pushi/str "Complement B";
    %store/str v000002aef62334c0_0;
    %fork TD_TI74181_TB.display_test, S_000002aef6254eb0;
    %join;
    %pushi/vec4 10, 0, 4;
    %store/vec4 v000002aef62331a0_0, 0, 4;
    %pushi/str "~B(0x5) = 0xA";
    %store/str v000002aef6232200_0;
    %fork TD_TI74181_TB.check_result, S_000002aef620e5b0;
    %join;
    %delay 10000, 0;
    %pushi/vec4 1, 0, 1;
    %store/vec4 v000002aef62f1560_0, 0, 1;
    %pushi/vec4 15, 0, 4;
    %store/vec4 v000002aef62f2320_0, 0, 4;
    %pushi/vec4 0, 0, 4;
    %store/vec4 v000002aef62f20a0_0, 0, 4;
    %pushi/vec4 0, 0, 4;
    %store/vec4 v000002aef62f1060_0, 0, 4;
    %pushi/vec4 0, 0, 1;
    %store/vec4 v000002aef62f1920_0, 0, 1;
    %delay 10000, 0;
    %pushi/str "Set all ones";
    %store/str v000002aef62334c0_0;
    %fork TD_TI74181_TB.display_test, S_000002aef6254eb0;
    %join;
    %pushi/vec4 15, 0, 4;
    %store/vec4 v000002aef62331a0_0, 0, 4;
    %pushi/str "All 1s = 0xF";
    %store/str v000002aef6232200_0;
    %fork TD_TI74181_TB.check_result, S_000002aef620e5b0;
    %join;
    %delay 10000, 0;
    %vpi_call/w 3 126 "$display", "\012--- ARITHMETIC OPERATIONS (M=0) ---\012" {0 0 0};
    %pushi/vec4 0, 0, 1;
    %store/vec4 v000002aef62f1560_0, 0, 1;
    %pushi/vec4 9, 0, 4;
    %store/vec4 v000002aef62f2320_0, 0, 4;
    %pushi/vec4 3, 0, 4;
    %store/vec4 v000002aef62f20a0_0, 0, 4;
    %pushi/vec4 2, 0, 4;
    %store/vec4 v000002aef62f1060_0, 0, 4;
    %pushi/vec4 0, 0, 1;
    %store/vec4 v000002aef62f1920_0, 0, 1;
    %delay 10000, 0;
    %pushi/str "A + B: 0x3 + 0x2";
    %store/str v000002aef62334c0_0;
    %fork TD_TI74181_TB.display_test, S_000002aef6254eb0;
    %join;
    %pushi/vec4 5, 0, 4;
    %store/vec4 v000002aef62331a0_0, 0, 4;
    %pushi/str "0x3 + 0x2 = 0x5";
    %store/str v000002aef6232200_0;
    %fork TD_TI74181_TB.check_result, S_000002aef620e5b0;
    %join;
    %delay 10000, 0;
    %pushi/vec4 0, 0, 1;
    %store/vec4 v000002aef62f1560_0, 0, 1;
    %pushi/vec4 9, 0, 4;
    %store/vec4 v000002aef62f2320_0, 0, 4;
    %pushi/vec4 3, 0, 4;
    %store/vec4 v000002aef62f20a0_0, 0, 4;
    %pushi/vec4 2, 0, 4;
    %store/vec4 v000002aef62f1060_0, 0, 4;
    %pushi/vec4 1, 0, 1;
    %store/vec4 v000002aef62f1920_0, 0, 1;
    %delay 10000, 0;
    %pushi/str "A + B + Cin: 0x3 + 0x2 + 1";
    %store/str v000002aef62334c0_0;
    %fork TD_TI74181_TB.display_test, S_000002aef6254eb0;
    %join;
    %pushi/vec4 6, 0, 4;
    %store/vec4 v000002aef62331a0_0, 0, 4;
    %pushi/str "0x3 + 0x2 + 1 = 0x6";
    %store/str v000002aef6232200_0;
    %fork TD_TI74181_TB.check_result, S_000002aef620e5b0;
    %join;
    %delay 10000, 0;
    %pushi/vec4 0, 0, 1;
    %store/vec4 v000002aef62f1560_0, 0, 1;
    %pushi/vec4 9, 0, 4;
    %store/vec4 v000002aef62f2320_0, 0, 4;
    %pushi/vec4 15, 0, 4;
    %store/vec4 v000002aef62f20a0_0, 0, 4;
    %pushi/vec4 15, 0, 4;
    %store/vec4 v000002aef62f1060_0, 0, 4;
    %pushi/vec4 0, 0, 1;
    %store/vec4 v000002aef62f1920_0, 0, 1;
    %delay 10000, 0;
    %pushi/str "A + B: 0xF + 0xF (overflow)";
    %store/str v000002aef62334c0_0;
    %fork TD_TI74181_TB.display_test, S_000002aef6254eb0;
    %join;
    %vpi_call/w 3 146 "$display", "  Carry out (Cn1) = %b (should be 1)", v000002aef62f12e0_0 {0 0 0};
    %delay 10000, 0;
    %pushi/vec4 0, 0, 1;
    %store/vec4 v000002aef62f1560_0, 0, 1;
    %pushi/vec4 6, 0, 4;
    %store/vec4 v000002aef62f2320_0, 0, 4;
    %pushi/vec4 5, 0, 4;
    %store/vec4 v000002aef62f20a0_0, 0, 4;
    %pushi/vec4 3, 0, 4;
    %store/vec4 v000002aef62f1060_0, 0, 4;
    %pushi/vec4 1, 0, 1;
    %store/vec4 v000002aef62f1920_0, 0, 1;
    %delay 10000, 0;
    %pushi/str "A - B + Cin: 0x5 - 0x3 + 1";
    %store/str v000002aef62334c0_0;
    %fork TD_TI74181_TB.display_test, S_000002aef6254eb0;
    %join;
    %vpi_call/w 3 153 "$display", "  Result = %h (0x5 - 0x3 + 1 = 0x3)", v000002aef62f21e0_0 {0 0 0};
    %delay 10000, 0;
    %pushi/vec4 0, 0, 1;
    %store/vec4 v000002aef62f1560_0, 0, 1;
    %pushi/vec4 12, 0, 4;
    %store/vec4 v000002aef62f2320_0, 0, 4;
    %pushi/vec4 3, 0, 4;
    %store/vec4 v000002aef62f20a0_0, 0, 4;
    %pushi/vec4 0, 0, 4;
    %store/vec4 v000002aef62f1060_0, 0, 4;
    %pushi/vec4 0, 0, 1;
    %store/vec4 v000002aef62f1920_0, 0, 1;
    %delay 10000, 0;
    %pushi/str "2A + Cin: 2*0x3";
    %store/str v000002aef62334c0_0;
    %fork TD_TI74181_TB.display_test, S_000002aef6254eb0;
    %join;
    %pushi/vec4 6, 0, 4;
    %store/vec4 v000002aef62331a0_0, 0, 4;
    %pushi/str "2*0x3 = 0x6";
    %store/str v000002aef6232200_0;
    %fork TD_TI74181_TB.check_result, S_000002aef620e5b0;
    %join;
    %delay 10000, 0;
    %pushi/vec4 0, 0, 1;
    %store/vec4 v000002aef62f1560_0, 0, 1;
    %pushi/vec4 0, 0, 4;
    %store/vec4 v000002aef62f2320_0, 0, 4;
    %pushi/vec4 7, 0, 4;
    %store/vec4 v000002aef62f20a0_0, 0, 4;
    %pushi/vec4 0, 0, 4;
    %store/vec4 v000002aef62f1060_0, 0, 4;
    %pushi/vec4 1, 0, 1;
    %store/vec4 v000002aef62f1920_0, 0, 1;
    %delay 10000, 0;
    %pushi/str "A + Cin: 0x7 + 1";
    %store/str v000002aef62334c0_0;
    %fork TD_TI74181_TB.display_test, S_000002aef6254eb0;
    %join;
    %pushi/vec4 8, 0, 4;
    %store/vec4 v000002aef62331a0_0, 0, 4;
    %pushi/str "0x7 + 1 = 0x8";
    %store/str v000002aef6232200_0;
    %fork TD_TI74181_TB.check_result, S_000002aef620e5b0;
    %join;
    %delay 10000, 0;
    %pushi/vec4 0, 0, 1;
    %store/vec4 v000002aef62f1560_0, 0, 1;
    %pushi/vec4 15, 0, 4;
    %store/vec4 v000002aef62f2320_0, 0, 4;
    %pushi/vec4 5, 0, 4;
    %store/vec4 v000002aef62f20a0_0, 0, 4;
    %pushi/vec4 0, 0, 4;
    %store/vec4 v000002aef62f1060_0, 0, 4;
    %pushi/vec4 1, 0, 1;
    %store/vec4 v000002aef62f1920_0, 0, 1;
    %delay 10000, 0;
    %pushi/str "A - 1 + Cin: 0x5 - 1 + 1";
    %store/str v000002aef62334c0_0;
    %fork TD_TI74181_TB.display_test, S_000002aef6254eb0;
    %join;
    %pushi/vec4 5, 0, 4;
    %store/vec4 v000002aef62331a0_0, 0, 4;
    %pushi/str "0x5 - 1 + 1 = 0x5";
    %store/str v000002aef6232200_0;
    %fork TD_TI74181_TB.check_result, S_000002aef620e5b0;
    %join;
    %delay 10000, 0;
    %pushi/vec4 0, 0, 1;
    %store/vec4 v000002aef62f1560_0, 0, 1;
    %pushi/vec4 0, 0, 4;
    %store/vec4 v000002aef62f2320_0, 0, 4;
    %pushi/vec4 15, 0, 4;
    %store/vec4 v000002aef62f20a0_0, 0, 4;
    %pushi/vec4 15, 0, 4;
    %store/vec4 v000002aef62f1060_0, 0, 4;
    %pushi/vec4 0, 0, 1;
    %store/vec4 v000002aef62f1920_0, 0, 1;
    %delay 10000, 0;
    %pushi/str "Clear (F + 0)";
    %store/str v000002aef62334c0_0;
    %fork TD_TI74181_TB.display_test, S_000002aef6254eb0;
    %join;
    %pushi/vec4 0, 0, 4;
    %store/vec4 v000002aef62331a0_0, 0, 4;
    %pushi/str "Clear = 0x0";
    %store/str v000002aef6232200_0;
    %fork TD_TI74181_TB.check_result, S_000002aef620e5b0;
    %join;
    %delay 10000, 0;
    %vpi_call/w 3 184 "$display", "\012--- CARRY PROPAGATE AND GENERATE TESTS ---\012" {0 0 0};
    %pushi/vec4 0, 0, 1;
    %store/vec4 v000002aef62f1560_0, 0, 1;
    %pushi/vec4 9, 0, 4;
    %store/vec4 v000002aef62f2320_0, 0, 4;
    %pushi/vec4 15, 0, 4;
    %store/vec4 v000002aef62f20a0_0, 0, 4;
    %pushi/vec4 1, 0, 4;
    %store/vec4 v000002aef62f1060_0, 0, 4;
    %pushi/vec4 0, 0, 1;
    %store/vec4 v000002aef62f1920_0, 0, 1;
    %delay 10000, 0;
    %pushi/str "A=0xF, B=0x1 (carry propagate check)";
    %store/str v000002aef62334c0_0;
    %fork TD_TI74181_TB.display_test, S_000002aef6254eb0;
    %join;
    %delay 10000, 0;
    %pushi/vec4 0, 0, 1;
    %store/vec4 v000002aef62f1560_0, 0, 1;
    %pushi/vec4 9, 0, 4;
    %store/vec4 v000002aef62f2320_0, 0, 4;
    %pushi/vec4 7, 0, 4;
    %store/vec4 v000002aef62f20a0_0, 0, 4;
    %pushi/vec4 8, 0, 4;
    %store/vec4 v000002aef62f1060_0, 0, 4;
    %pushi/vec4 0, 0, 1;
    %store/vec4 v000002aef62f1920_0, 0, 1;
    %delay 10000, 0;
    %pushi/str "A + B: 0x7 + 0x8";
    %store/str v000002aef62334c0_0;
    %fork TD_TI74181_TB.display_test, S_000002aef6254eb0;
    %join;
    %pushi/vec4 15, 0, 4;
    %store/vec4 v000002aef62331a0_0, 0, 4;
    %pushi/str "0x7 + 0x8 = 0xF";
    %store/str v000002aef6232200_0;
    %fork TD_TI74181_TB.check_result, S_000002aef620e5b0;
    %join;
    %delay 10000, 0;
    %vpi_call/w 3 200 "$display", "\012========================================" {0 0 0};
    %vpi_call/w 3 201 "$display", "  TEST SUMMARY" {0 0 0};
    %vpi_call/w 3 202 "$display", "========================================" {0 0 0};
    %vpi_call/w 3 203 "$display", "Total Tests: %0d", v000002aef62f1880_0 {0 0 0};
    %vpi_call/w 3 204 "$display", "Passed: %0d", v000002aef62f1420_0 {0 0 0};
    %vpi_call/w 3 205 "$display", "Failed: %0d", v000002aef62f1380_0 {0 0 0};
    %load/vec4 v000002aef62f1420_0;
    %cvt/rv/s;
    %pushi/real 1677721600, 4072; load=100.000
    %mul/wr;
    %load/vec4 v000002aef62f1880_0;
    %cvt/rv/s;
    %div/wr;
    %vpi_call/w 3 206 "$display", "Pass Rate: %0.1f%%", W<0,r> {0 1 0};
    %vpi_call/w 3 207 "$display", "========================================\012" {0 0 0};
    %vpi_call/w 3 209 "$finish" {0 0 0};
    %end;
    .thread T_5;
# The file index is used to find the file name in the following table.
:file_names 5;
    "N/A";
    "<interactive>";
    "-";
    "TI74181_TB.sv";
    "./TI74181.sv";
